#
# There is insufficient memory for the Java Runtime Environment to continue.
# Native memory allocation (malloc) failed to allocate 1048576 bytes for AllocateHeap
# Possible reasons:
#   The system is out of physical RAM or swap space
#   The process is running with CompressedOops enabled, and the Java Heap may be blocking the growth of the native heap
# Possible solutions:
#   Reduce memory load on the system
#   Increase physical memory or swap space
#   Check if swap backing store is full
#   Decrease Java heap size (-Xmx/-Xms)
#   Decrease number of Java threads
#   Decrease Java thread stack sizes (-Xss)
#   Set larger code cache with -XX:ReservedCodeCacheSize=
#   JVM is running with Unscaled Compressed Oops mode in which the Java heap is
#     placed in the first 4GB address space. The Java Heap base address is the
#     maximum limit for the native heap growth. Please use -XX:HeapBaseMinAddress
#     to set the Java Heap base and to place the Java Heap above 4GB virtual address.
# This output file may be truncated or incomplete.
#
#  Out of Memory Error (./src/hotspot/share/memory/allocation.cpp:46), pid=9404, tid=5124
#
# JRE version: OpenJDK Runtime Environment (11.0.10) (build 11.0.10+0-b96-7249189)
# Java VM: OpenJDK 64-Bit Server VM (11.0.10+0-b96-7249189, mixed mode, tiered, compressed oops, g1 gc, windows-amd64)
# No core dump will be written. Minidumps are not enabled by default on client versions of Windows
#

---------------  S U M M A R Y ------------

Command Line: org.jetbrains.kotlin.cli.jvm.K2JVMCompiler @C:\Users\Nizam.Gahramanov\Downloads\android-fundamentals-starter-apps-v2-master\android-fundamentals-starter-apps-v2-master\ZeytunPharma\app\build\20211009_5240701292487981328.compiler.options

Host: Intel(R) Core(TM) i5-4210M CPU @ 2.60GHz, 4 cores, 7G,  Windows 10 , 64 bit Build 18362 (10.0.18362.1110)
Time: Sat Oct  9 21:30:45 2021 Azerbaijan Standard Time elapsed time: 14.554126 seconds (0d 0h 0m 14s)

---------------  T H R E A D  ---------------

Current thread (0x0000025e2d702800):  VMThread "VM Thread" [stack: 0x00000088a5f00000,0x00000088a6000000] [id=5124]

Stack: [0x00000088a5f00000,0x00000088a6000000]
[error occurred during error reporting (printing stack bounds), id 0xc0000005, EXCEPTION_ACCESS_VIOLATION (0xc0000005) at pc=0x0000025e178b0f2d]

Native frames: (J=compiled Java code, j=interpreted, Vv=VM code, C=native code)
V  [jvm.dll+0x5ecfaa]
V  [jvm.dll+0x722bd5]
V  [jvm.dll+0x72412d]
V  [jvm.dll+0x724745]
V  [jvm.dll+0x7246fb]
V  [jvm.dll+0x5ec348]
V  [jvm.dll+0x5ecad8]
C  [ntdll.dll+0xa184f]
C  [ntdll.dll+0x6a889]
C  [ntdll.dll+0xa04be]
C  0x0000025e178b0f2d

VM_Operation (0x00000088a59fb4e0): CollectForMetadataAllocation, mode: safepoint, requested by thread 0x0000025e13dcc000


---------------  P R O C E S S  ---------------

Threads class SMR info:
_java_thread_list=0x0000025e2e201760, length=11, elements={
0x0000025e13dcc000, 0x0000025e2d727800, 0x0000025e2d72e000, 0x0000025e2e0aa000,
0x0000025e2e0ab000, 0x0000025e2e0ac800, 0x0000025e2d743800, 0x0000025e2d747000,
0x0000025e2d748800, 0x0000025e2e220800, 0x0000025e2e21a800
}

Java Threads: ( => current thread )
  0x0000025e13dcc000 JavaThread "main" [_thread_blocked, id=10012, stack(0x00000088a5900000,0x00000088a5a00000)]
  0x0000025e2d727800 JavaThread "Reference Handler" daemon [_thread_blocked, id=1048, stack(0x00000088a6000000,0x00000088a6100000)]
  0x0000025e2d72e000 JavaThread "Finalizer" daemon [_thread_blocked, id=11156, stack(0x00000088a6100000,0x00000088a6200000)]
  0x0000025e2e0aa000 JavaThread "Signal Dispatcher" daemon [_thread_blocked, id=10868, stack(0x00000088a6200000,0x00000088a6300000)]
  0x0000025e2e0ab000 JavaThread "Attach Listener" daemon [_thread_blocked, id=3684, stack(0x00000088a6300000,0x00000088a6400000)]
  0x0000025e2e0ac800 JavaThread "Service Thread" daemon [_thread_blocked, id=10892, stack(0x00000088a6400000,0x00000088a6500000)]
  0x0000025e2d743800 JavaThread "C2 CompilerThread0" daemon [_thread_blocked, id=2324, stack(0x00000088a6500000,0x00000088a6600000)]
  0x0000025e2d747000 JavaThread "C1 CompilerThread0" daemon [_thread_blocked, id=10552, stack(0x00000088a6600000,0x00000088a6700000)]
  0x0000025e2d748800 JavaThread "Sweeper thread" daemon [_thread_blocked, id=3996, stack(0x00000088a6700000,0x00000088a6800000)]
  0x0000025e2e220800 JavaThread "Common-Cleaner" daemon [_thread_blocked, id=12124, stack(0x00000088a6900000,0x00000088a6a00000)]
  0x0000025e2e21a800 JavaThread "C2 CompilerThread1" daemon [_thread_blocked, id=13200, stack(0x00000088a6a00000,0x00000088a6b00000)]

Other Threads:
=>0x0000025e2d702800 VMThread "VM Thread" [stack: 0x00000088a5f00000,0x00000088a6000000] [id=5124]
  0x0000025e2e21b000 WatcherThread [stack: 0x00000088a6800000,0x00000088a6900000] [id=9676]
  0x0000025e13de6800 GCTaskThread "GC Thread#0" [stack: 0x00000088a5a00000,0x00000088a5b00000] [id=5244]
  0x0000025e2e764800 GCTaskThread "GC Thread#1" [stack: 0x00000088a6b00000,0x00000088a6c00000] [id=9592]
  0x0000025e303b7000 GCTaskThread "GC Thread#2" [stack: 0x00000088a6c00000,0x00000088a6d00000] [id=2880]
  0x0000025e34e67800 GCTaskThread "GC Thread#3" [stack: 0x00000088a6d00000,0x00000088a6e00000] [id=1428]
  0x0000025e13e16800 ConcurrentGCThread "G1 Main Marker" [stack: 0x00000088a5b00000,0x00000088a5c00000] [id=2768]
  0x0000025e13e18000 ConcurrentGCThread "G1 Conc#0" [stack: 0x00000088a5c00000,0x00000088a5d00000] [id=11236]
  0x0000025e13e99000 ConcurrentGCThread "G1 Refine#0" [stack: 0x00000088a5d00000,0x00000088a5e00000] [id=7236]
  0x0000025e31903000 ConcurrentGCThread "G1 Refine#1" [stack: 0x00000088a6e00000,0x00000088a6f00000] [id=1364]
  0x0000025e13e9a000 ConcurrentGCThread "G1 Young RemSet Sampling" [stack: 0x00000088a5e00000,0x00000088a5f00000] [id=6572]

Threads with active compile tasks:

VM state:at safepoint (normal execution)

VM Mutex/Monitor currently owned by a thread:  ([mutex/lock_event])
[0x0000025e13dc9740] Threads_lock - owner thread: 0x0000025e2d702800
[0x0000025e13dc9350] Heap_lock - owner thread: 0x0000025e13dcc000

Heap address: 0x0000000084400000, size: 1980 MB, Compressed Oops mode: 32-bit
Narrow klass base: 0x0000000000000000, Narrow klass shift: 3
Compressed class space size: 1073741824 Address: 0x0000000100000000

Heap:
 garbage-first heap   total 208896K, used 82411K [0x0000000084400000, 0x0000000100000000)
  region size 1024K, 7 young (7168K), 5 survivors (5120K)
 Metaspace       used 77166K, capacity 77795K, committed 77952K, reserved 1146880K
  class space    used 8210K, capacity 8473K, committed 8576K, reserved 1048576K
Heap Regions: E=young(eden), S=young(survivor), O=old, HS=humongous(starts), HC=humongous(continues), CS=collection set, F=free, A=archive, TAMS=top-at-mark-start (previous, next)
|   0|0x0000000084400000, 0x0000000084500000, 0x0000000084500000|100%|HS|  |TAMS 0x0000000084500000, 0x0000000084500000| Complete 
|   1|0x0000000084500000, 0x0000000084600000, 0x0000000084600000|100%|HC|  |TAMS 0x0000000084600000, 0x0000000084600000| Complete 
|   2|0x0000000084600000, 0x0000000084700000, 0x0000000084700000|100%|HC|  |TAMS 0x0000000084700000, 0x0000000084700000| Complete 
|   3|0x0000000084700000, 0x0000000084800000, 0x0000000084800000|100%| O|  |TAMS 0x0000000084800000, 0x0000000084800000| Untracked 
|   4|0x0000000084800000, 0x0000000084900000, 0x0000000084900000|100%| O|  |TAMS 0x0000000084900000, 0x0000000084900000| Untracked 
|   5|0x0000000084900000, 0x0000000084a00000, 0x0000000084a00000|100%|HS|  |TAMS 0x0000000084a00000, 0x0000000084a00000| Complete 
|   6|0x0000000084a00000, 0x0000000084b00000, 0x0000000084b00000|100%|HC|  |TAMS 0x0000000084b00000, 0x0000000084b00000| Complete 
|   7|0x0000000084b00000, 0x0000000084c00000, 0x0000000084c00000|100%|HC|  |TAMS 0x0000000084c00000, 0x0000000084c00000| Complete 
|   8|0x0000000084c00000, 0x0000000084d00000, 0x0000000084d00000|100%|HS|  |TAMS 0x0000000084d00000, 0x0000000084d00000| Complete 
|   9|0x0000000084d00000, 0x0000000084e00000, 0x0000000084e00000|100%|HC|  |TAMS 0x0000000084e00000, 0x0000000084e00000| Complete 
|  10|0x0000000084e00000, 0x0000000084f00000, 0x0000000084f00000|100%|HC|  |TAMS 0x0000000084f00000, 0x0000000084f00000| Complete 
|  11|0x0000000084f00000, 0x0000000085000000, 0x0000000085000000|100%|HS|  |TAMS 0x0000000085000000, 0x0000000085000000| Complete 
|  12|0x0000000085000000, 0x0000000085100000, 0x0000000085100000|100%|HC|  |TAMS 0x0000000085100000, 0x0000000085100000| Complete 
|  13|0x0000000085100000, 0x0000000085200000, 0x0000000085200000|100%| O|  |TAMS 0x0000000085200000, 0x0000000085200000| Untracked 
|  14|0x0000000085200000, 0x0000000085300000, 0x0000000085300000|100%| O|  |TAMS 0x0000000085300000, 0x0000000085300000| Untracked 
|  15|0x0000000085300000, 0x0000000085400000, 0x0000000085400000|100%| O|  |TAMS 0x0000000085400000, 0x0000000085400000| Untracked 
|  16|0x0000000085400000, 0x0000000085500000, 0x0000000085500000|100%| O|  |TAMS 0x0000000085500000, 0x0000000085500000| Untracked 
|  17|0x0000000085500000, 0x0000000085600000, 0x0000000085600000|100%| O|  |TAMS 0x0000000085600000, 0x0000000085600000| Untracked 
|  18|0x0000000085600000, 0x0000000085700000, 0x0000000085700000|100%| O|  |TAMS 0x0000000085700000, 0x0000000085700000| Untracked 
|  19|0x0000000085700000, 0x0000000085800000, 0x0000000085800000|100%| O|  |TAMS 0x0000000085800000, 0x0000000085800000| Untracked 
|  20|0x0000000085800000, 0x0000000085900000, 0x0000000085900000|100%| O|  |TAMS 0x0000000085900000, 0x0000000085900000| Untracked 
|  21|0x0000000085900000, 0x0000000085a00000, 0x0000000085a00000|100%| O|  |TAMS 0x0000000085a00000, 0x0000000085a00000| Untracked 
|  22|0x0000000085a00000, 0x0000000085b00000, 0x0000000085b00000|100%| O|  |TAMS 0x0000000085b00000, 0x0000000085b00000| Untracked 
|  23|0x0000000085b00000, 0x0000000085c00000, 0x0000000085c00000|100%| O|  |TAMS 0x0000000085c00000, 0x0000000085c00000| Untracked 
|  24|0x0000000085c00000, 0x0000000085d00000, 0x0000000085d00000|100%| O|  |TAMS 0x0000000085d00000, 0x0000000085d00000| Untracked 
|  25|0x0000000085d00000, 0x0000000085e00000, 0x0000000085e00000|100%| O|  |TAMS 0x0000000085e00000, 0x0000000085e00000| Untracked 
|  26|0x0000000085e00000, 0x0000000085f00000, 0x0000000085f00000|100%| O|  |TAMS 0x0000000085f00000, 0x0000000085f00000| Untracked 
|  27|0x0000000085f00000, 0x0000000086000000, 0x0000000086000000|100%| O|  |TAMS 0x0000000086000000, 0x0000000086000000| Untracked 
|  28|0x0000000086000000, 0x0000000086100000, 0x0000000086100000|100%| O|  |TAMS 0x0000000086100000, 0x0000000086100000| Untracked 
|  29|0x0000000086100000, 0x0000000086200000, 0x0000000086200000|100%| O|  |TAMS 0x0000000086200000, 0x0000000086200000| Untracked 
|  30|0x0000000086200000, 0x0000000086300000, 0x0000000086300000|100%| O|  |TAMS 0x0000000086300000, 0x0000000086300000| Untracked 
|  31|0x0000000086300000, 0x0000000086400000, 0x0000000086400000|100%| O|  |TAMS 0x0000000086400000, 0x0000000086400000| Untracked 
|  32|0x0000000086400000, 0x0000000086500000, 0x0000000086500000|100%| O|  |TAMS 0x0000000086500000, 0x0000000086500000| Untracked 
|  33|0x0000000086500000, 0x0000000086600000, 0x0000000086600000|100%| O|  |TAMS 0x0000000086600000, 0x0000000086600000| Untracked 
|  34|0x0000000086600000, 0x0000000086700000, 0x0000000086700000|100%| O|  |TAMS 0x0000000086700000, 0x0000000086700000| Untracked 
|  35|0x0000000086700000, 0x0000000086800000, 0x0000000086800000|100%| O|  |TAMS 0x0000000086800000, 0x0000000086800000| Untracked 
|  36|0x0000000086800000, 0x0000000086900000, 0x0000000086900000|100%| O|  |TAMS 0x0000000086900000, 0x0000000086900000| Untracked 
|  37|0x0000000086900000, 0x0000000086a00000, 0x0000000086a00000|100%| O|  |TAMS 0x0000000086a00000, 0x0000000086a00000| Untracked 
|  38|0x0000000086a00000, 0x0000000086b00000, 0x0000000086b00000|100%| O|  |TAMS 0x0000000086b00000, 0x0000000086b00000| Untracked 
|  39|0x0000000086b00000, 0x0000000086c00000, 0x0000000086c00000|100%| O|  |TAMS 0x0000000086c00000, 0x0000000086c00000| Untracked 
|  40|0x0000000086c00000, 0x0000000086d00000, 0x0000000086d00000|100%| O|  |TAMS 0x0000000086d00000, 0x0000000086d00000| Untracked 
|  41|0x0000000086d00000, 0x0000000086e00000, 0x0000000086e00000|100%| O|  |TAMS 0x0000000086e00000, 0x0000000086e00000| Untracked 
|  42|0x0000000086e00000, 0x0000000086f00000, 0x0000000086f00000|100%| O|  |TAMS 0x0000000086f00000, 0x0000000086f00000| Untracked 
|  43|0x0000000086f00000, 0x0000000087000000, 0x0000000087000000|100%| O|  |TAMS 0x0000000087000000, 0x0000000087000000| Untracked 
|  44|0x0000000087000000, 0x0000000087100000, 0x0000000087100000|100%|HS|  |TAMS 0x0000000087100000, 0x0000000087100000| Complete 
|  45|0x0000000087100000, 0x0000000087200000, 0x0000000087200000|100%| O|  |TAMS 0x0000000087200000, 0x0000000087200000| Untracked 
|  46|0x0000000087200000, 0x0000000087300000, 0x0000000087300000|100%| O|  |TAMS 0x0000000087300000, 0x0000000087300000| Untracked 
|  47|0x0000000087300000, 0x0000000087400000, 0x0000000087400000|100%| O|  |TAMS 0x0000000087400000, 0x0000000087400000| Untracked 
|  48|0x0000000087400000, 0x0000000087500000, 0x0000000087500000|100%| O|  |TAMS 0x0000000087500000, 0x0000000087500000| Untracked 
|  49|0x0000000087500000, 0x0000000087600000, 0x0000000087600000|100%| O|  |TAMS 0x0000000087600000, 0x0000000087600000| Untracked 
|  50|0x0000000087600000, 0x0000000087700000, 0x0000000087700000|100%| O|  |TAMS 0x0000000087700000, 0x0000000087700000| Untracked 
|  51|0x0000000087700000, 0x0000000087800000, 0x0000000087800000|100%| O|  |TAMS 0x0000000087800000, 0x0000000087800000| Untracked 
|  52|0x0000000087800000, 0x0000000087900000, 0x0000000087900000|100%| O|  |TAMS 0x0000000087900000, 0x0000000087900000| Untracked 
|  53|0x0000000087900000, 0x0000000087a00000, 0x0000000087a00000|100%| O|  |TAMS 0x0000000087a00000, 0x0000000087a00000| Untracked 
|  54|0x0000000087a00000, 0x0000000087b00000, 0x0000000087b00000|100%| O|  |TAMS 0x0000000087b00000, 0x0000000087b00000| Untracked 
|  55|0x0000000087b00000, 0x0000000087c00000, 0x0000000087c00000|100%| O|  |TAMS 0x0000000087c00000, 0x0000000087c00000| Untracked 
|  56|0x0000000087c00000, 0x0000000087d00000, 0x0000000087d00000|100%| O|  |TAMS 0x0000000087d00000, 0x0000000087d00000| Untracked 
|  57|0x0000000087d00000, 0x0000000087e00000, 0x0000000087e00000|100%| O|  |TAMS 0x0000000087e00000, 0x0000000087e00000| Untracked 
|  58|0x0000000087e00000, 0x0000000087f00000, 0x0000000087f00000|100%| O|  |TAMS 0x0000000087f00000, 0x0000000087f00000| Untracked 
|  59|0x0000000087f00000, 0x0000000088000000, 0x0000000088000000|100%| O|  |TAMS 0x0000000088000000, 0x0000000088000000| Untracked 
|  60|0x0000000088000000, 0x0000000088100000, 0x0000000088100000|100%| O|  |TAMS 0x0000000088100000, 0x0000000088100000| Untracked 
|  61|0x0000000088100000, 0x0000000088200000, 0x0000000088200000|100%| O|  |TAMS 0x0000000088200000, 0x0000000088200000| Untracked 
|  62|0x0000000088200000, 0x0000000088300000, 0x0000000088300000|100%| O|  |TAMS 0x0000000088300000, 0x0000000088300000| Untracked 
|  63|0x0000000088300000, 0x0000000088400000, 0x0000000088400000|100%| O|  |TAMS 0x0000000088400000, 0x0000000088400000| Untracked 
|  64|0x0000000088400000, 0x0000000088500000, 0x0000000088500000|100%| O|  |TAMS 0x0000000088500000, 0x0000000088500000| Untracked 
|  65|0x0000000088500000, 0x0000000088600000, 0x0000000088600000|100%| O|  |TAMS 0x0000000088600000, 0x0000000088600000| Untracked 
|  66|0x0000000088600000, 0x0000000088700000, 0x0000000088700000|100%| O|  |TAMS 0x0000000088700000, 0x0000000088700000| Untracked 
|  67|0x0000000088700000, 0x0000000088800000, 0x0000000088800000|100%| O|  |TAMS 0x0000000088800000, 0x0000000088800000| Untracked 
|  68|0x0000000088800000, 0x0000000088900000, 0x0000000088900000|100%| O|  |TAMS 0x0000000088900000, 0x0000000088900000| Untracked 
|  69|0x0000000088900000, 0x0000000088a00000, 0x0000000088a00000|100%| O|  |TAMS 0x0000000088a00000, 0x0000000088a00000| Untracked 
|  70|0x0000000088a00000, 0x0000000088b00000, 0x0000000088b00000|100%| O|  |TAMS 0x0000000088b00000, 0x0000000088b00000| Untracked 
|  71|0x0000000088b00000, 0x0000000088c00000, 0x0000000088c00000|100%| O|  |TAMS 0x0000000088c00000, 0x0000000088c00000| Untracked 
|  72|0x0000000088c00000, 0x0000000088d00000, 0x0000000088d00000|100%| O|  |TAMS 0x0000000088d00000, 0x0000000088d00000| Untracked 
|  73|0x0000000088d00000, 0x0000000088e00000, 0x0000000088e00000|100%| O|  |TAMS 0x0000000088e00000, 0x0000000088e00000| Untracked 
|  74|0x0000000088e00000, 0x0000000088ee2c00, 0x0000000088f00000| 88%| O|  |TAMS 0x0000000088ee2a08, 0x0000000088ee2c00| Untracked 
|  75|0x0000000088f00000, 0x0000000088f00000, 0x0000000089000000|  0%| F|  |TAMS 0x0000000088f00000, 0x0000000088f00000| Untracked 
|  76|0x0000000089000000, 0x0000000089000000, 0x0000000089100000|  0%| F|  |TAMS 0x0000000089000000, 0x0000000089000000| Untracked 
|  77|0x0000000089100000, 0x0000000089100000, 0x0000000089200000|  0%| F|  |TAMS 0x0000000089100000, 0x0000000089100000| Untracked 
|  78|0x0000000089200000, 0x0000000089200000, 0x0000000089300000|  0%| F|  |TAMS 0x0000000089200000, 0x0000000089200000| Untracked 
|  79|0x0000000089300000, 0x0000000089300000, 0x0000000089400000|  0%| F|  |TAMS 0x0000000089300000, 0x0000000089300000| Untracked 
|  80|0x0000000089400000, 0x0000000089400000, 0x0000000089500000|  0%| F|  |TAMS 0x0000000089400000, 0x0000000089400000| Untracked 
|  81|0x0000000089500000, 0x0000000089500000, 0x0000000089600000|  0%| F|  |TAMS 0x0000000089500000, 0x0000000089500000| Untracked 
|  82|0x0000000089600000, 0x0000000089600000, 0x0000000089700000|  0%| F|  |TAMS 0x0000000089600000, 0x0000000089600000| Untracked 
|  83|0x0000000089700000, 0x0000000089700000, 0x0000000089800000|  0%| F|  |TAMS 0x0000000089700000, 0x0000000089700000| Untracked 
|  84|0x0000000089800000, 0x0000000089800000, 0x0000000089900000|  0%| F|  |TAMS 0x0000000089800000, 0x0000000089800000| Untracked 
|  85|0x0000000089900000, 0x0000000089900000, 0x0000000089a00000|  0%| F|  |TAMS 0x0000000089900000, 0x0000000089900000| Untracked 
|  86|0x0000000089a00000, 0x0000000089a00000, 0x0000000089b00000|  0%| F|  |TAMS 0x0000000089a00000, 0x0000000089a00000| Untracked 
|  87|0x0000000089b00000, 0x0000000089b00000, 0x0000000089c00000|  0%| F|  |TAMS 0x0000000089b00000, 0x0000000089b00000| Untracked 
|  88|0x0000000089c00000, 0x0000000089c00000, 0x0000000089d00000|  0%| F|  |TAMS 0x0000000089c00000, 0x0000000089c00000| Untracked 
|  89|0x0000000089d00000, 0x0000000089d00000, 0x0000000089e00000|  0%| F|  |TAMS 0x0000000089d00000, 0x0000000089d00000| Untracked 
|  90|0x0000000089e00000, 0x0000000089e00000, 0x0000000089f00000|  0%| F|  |TAMS 0x0000000089e00000, 0x0000000089e00000| Untracked 
|  91|0x0000000089f00000, 0x0000000089f00000, 0x000000008a000000|  0%| F|  |TAMS 0x0000000089f00000, 0x0000000089f00000| Untracked 
|  92|0x000000008a000000, 0x000000008a000000, 0x000000008a100000|  0%| F|  |TAMS 0x000000008a000000, 0x000000008a000000| Untracked 
|  93|0x000000008a100000, 0x000000008a100000, 0x000000008a200000|  0%| F|  |TAMS 0x000000008a100000, 0x000000008a100000| Untracked 
|  94|0x000000008a200000, 0x000000008a200000, 0x000000008a300000|  0%| F|  |TAMS 0x000000008a200000, 0x000000008a200000| Untracked 
|  95|0x000000008a300000, 0x000000008a300000, 0x000000008a400000|  0%| F|  |TAMS 0x000000008a300000, 0x000000008a300000| Untracked 
|  96|0x000000008a400000, 0x000000008a400000, 0x000000008a500000|  0%| F|  |TAMS 0x000000008a400000, 0x000000008a400000| Untracked 
|  97|0x000000008a500000, 0x000000008a500000, 0x000000008a600000|  0%| F|  |TAMS 0x000000008a500000, 0x000000008a500000| Untracked 
|  98|0x000000008a600000, 0x000000008a600000, 0x000000008a700000|  0%| F|  |TAMS 0x000000008a600000, 0x000000008a600000| Untracked 
|  99|0x000000008a700000, 0x000000008a700000, 0x000000008a800000|  0%| F|  |TAMS 0x000000008a700000, 0x000000008a700000| Untracked 
| 100|0x000000008a800000, 0x000000008a800000, 0x000000008a900000|  0%| F|  |TAMS 0x000000008a800000, 0x000000008a800000| Untracked 
| 101|0x000000008a900000, 0x000000008a900000, 0x000000008aa00000|  0%| F|  |TAMS 0x000000008a900000, 0x000000008a900000| Untracked 
| 102|0x000000008aa00000, 0x000000008aa00000, 0x000000008ab00000|  0%| F|  |TAMS 0x000000008aa00000, 0x000000008aa00000| Untracked 
| 103|0x000000008ab00000, 0x000000008ab00000, 0x000000008ac00000|  0%| F|  |TAMS 0x000000008ab00000, 0x000000008ab00000| Untracked 
| 104|0x000000008ac00000, 0x000000008ac00000, 0x000000008ad00000|  0%| F|  |TAMS 0x000000008ac00000, 0x000000008ac00000| Untracked 
| 105|0x000000008ad00000, 0x000000008ad00000, 0x000000008ae00000|  0%| F|  |TAMS 0x000000008ad00000, 0x000000008ad00000| Untracked 
| 106|0x000000008ae00000, 0x000000008ae00000, 0x000000008af00000|  0%| F|  |TAMS 0x000000008ae00000, 0x000000008ae00000| Untracked 
| 107|0x000000008af00000, 0x000000008af00000, 0x000000008b000000|  0%| F|  |TAMS 0x000000008af00000, 0x000000008af00000| Untracked 
| 108|0x000000008b000000, 0x000000008b000000, 0x000000008b100000|  0%| F|  |TAMS 0x000000008b000000, 0x000000008b000000| Untracked 
| 109|0x000000008b100000, 0x000000008b100000, 0x000000008b200000|  0%| F|  |TAMS 0x000000008b100000, 0x000000008b100000| Untracked 
| 110|0x000000008b200000, 0x000000008b200000, 0x000000008b300000|  0%| F|  |TAMS 0x000000008b200000, 0x000000008b200000| Untracked 
| 111|0x000000008b300000, 0x000000008b300000, 0x000000008b400000|  0%| F|  |TAMS 0x000000008b300000, 0x000000008b300000| Untracked 
| 112|0x000000008b400000, 0x000000008b400000, 0x000000008b500000|  0%| F|  |TAMS 0x000000008b400000, 0x000000008b400000| Untracked 
| 113|0x000000008b500000, 0x000000008b500000, 0x000000008b600000|  0%| F|  |TAMS 0x000000008b500000, 0x000000008b500000| Untracked 
| 114|0x000000008b600000, 0x000000008b600000, 0x000000008b700000|  0%| F|  |TAMS 0x000000008b600000, 0x000000008b600000| Untracked 
| 115|0x000000008b700000, 0x000000008b700000, 0x000000008b800000|  0%| F|  |TAMS 0x000000008b700000, 0x000000008b700000| Untracked 
| 116|0x000000008b800000, 0x000000008b800000, 0x000000008b900000|  0%| F|  |TAMS 0x000000008b800000, 0x000000008b800000| Untracked 
| 117|0x000000008b900000, 0x000000008b900000, 0x000000008ba00000|  0%| F|  |TAMS 0x000000008b900000, 0x000000008b900000| Untracked 
| 118|0x000000008ba00000, 0x000000008ba00000, 0x000000008bb00000|  0%| F|  |TAMS 0x000000008ba00000, 0x000000008ba00000| Untracked 
| 119|0x000000008bb00000, 0x000000008bb00000, 0x000000008bc00000|  0%| F|  |TAMS 0x000000008bb00000, 0x000000008bb00000| Untracked 
| 120|0x000000008bc00000, 0x000000008bc00000, 0x000000008bd00000|  0%| F|  |TAMS 0x000000008bc00000, 0x000000008bc00000| Untracked 
| 121|0x000000008bd00000, 0x000000008bd00000, 0x000000008be00000|  0%| F|  |TAMS 0x000000008bd00000, 0x000000008bd00000| Untracked 
| 122|0x000000008be00000, 0x000000008be00000, 0x000000008bf00000|  0%| F|  |TAMS 0x000000008be00000, 0x000000008be00000| Untracked 
| 123|0x000000008bf00000, 0x000000008bf00000, 0x000000008c000000|  0%| F|  |TAMS 0x000000008bf00000, 0x000000008bf00000| Untracked 
| 124|0x000000008c000000, 0x000000008c000000, 0x000000008c100000|  0%| F|  |TAMS 0x000000008c000000, 0x000000008c000000| Untracked 
| 125|0x000000008c100000, 0x000000008c100000, 0x000000008c200000|  0%| F|  |TAMS 0x000000008c100000, 0x000000008c100000| Untracked 
| 126|0x000000008c200000, 0x000000008c200000, 0x000000008c300000|  0%| F|  |TAMS 0x000000008c200000, 0x000000008c200000| Untracked 
| 127|0x000000008c300000, 0x000000008c300000, 0x000000008c400000|  0%| F|  |TAMS 0x000000008c300000, 0x000000008c300000| Untracked 
| 128|0x000000008c400000, 0x000000008c400000, 0x000000008c500000|  0%| F|  |TAMS 0x000000008c400000, 0x000000008c400000| Untracked 
| 129|0x000000008c500000, 0x000000008c500000, 0x000000008c600000|  0%| F|  |TAMS 0x000000008c500000, 0x000000008c500000| Untracked 
| 130|0x000000008c600000, 0x000000008c600000, 0x000000008c700000|  0%| F|  |TAMS 0x000000008c600000, 0x000000008c600000| Untracked 
| 131|0x000000008c700000, 0x000000008c700000, 0x000000008c800000|  0%| F|  |TAMS 0x000000008c700000, 0x000000008c700000| Untracked 
| 132|0x000000008c800000, 0x000000008c800000, 0x000000008c900000|  0%| F|  |TAMS 0x000000008c800000, 0x000000008c800000| Untracked 
| 133|0x000000008c900000, 0x000000008c900000, 0x000000008ca00000|  0%| F|  |TAMS 0x000000008c900000, 0x000000008c900000| Untracked 
| 134|0x000000008ca00000, 0x000000008ca00000, 0x000000008cb00000|  0%| F|  |TAMS 0x000000008ca00000, 0x000000008ca00000| Untracked 
| 135|0x000000008cb00000, 0x000000008cb00000, 0x000000008cc00000|  0%| F|  |TAMS 0x000000008cb00000, 0x000000008cb00000| Untracked 
| 136|0x000000008cc00000, 0x000000008cc00000, 0x000000008cd00000|  0%| F|  |TAMS 0x000000008cc00000, 0x000000008cc00000| Untracked 
| 137|0x000000008cd00000, 0x000000008cd00000, 0x000000008ce00000|  0%| F|  |TAMS 0x000000008cd00000, 0x000000008cd00000| Untracked 
| 138|0x000000008ce00000, 0x000000008ce00000, 0x000000008cf00000|  0%| F|  |TAMS 0x000000008ce00000, 0x000000008ce00000| Untracked 
| 139|0x000000008cf00000, 0x000000008cf00000, 0x000000008d000000|  0%| F|  |TAMS 0x000000008cf00000, 0x000000008cf00000| Untracked 
| 140|0x000000008d000000, 0x000000008d000000, 0x000000008d100000|  0%| F|  |TAMS 0x000000008d000000, 0x000000008d000000| Untracked 
| 141|0x000000008d100000, 0x000000008d100000, 0x000000008d200000|  0%| F|  |TAMS 0x000000008d100000, 0x000000008d100000| Untracked 
| 142|0x000000008d200000, 0x000000008d200000, 0x000000008d300000|  0%| F|  |TAMS 0x000000008d200000, 0x000000008d200000| Untracked 
| 143|0x000000008d300000, 0x000000008d300000, 0x000000008d400000|  0%| F|  |TAMS 0x000000008d300000, 0x000000008d300000| Untracked 
| 144|0x000000008d400000, 0x000000008d400000, 0x000000008d500000|  0%| F|  |TAMS 0x000000008d400000, 0x000000008d400000| Untracked 
| 145|0x000000008d500000, 0x000000008d500000, 0x000000008d600000|  0%| F|  |TAMS 0x000000008d500000, 0x000000008d500000| Untracked 
| 146|0x000000008d600000, 0x000000008d600000, 0x000000008d700000|  0%| F|  |TAMS 0x000000008d600000, 0x000000008d600000| Untracked 
| 147|0x000000008d700000, 0x000000008d700000, 0x000000008d800000|  0%| F|  |TAMS 0x000000008d700000, 0x000000008d700000| Untracked 
| 148|0x000000008d800000, 0x000000008d800000, 0x000000008d900000|  0%| F|  |TAMS 0x000000008d800000, 0x000000008d800000| Untracked 
| 149|0x000000008d900000, 0x000000008d900000, 0x000000008da00000|  0%| F|  |TAMS 0x000000008d900000, 0x000000008d900000| Untracked 
| 150|0x000000008da00000, 0x000000008da00000, 0x000000008db00000|  0%| F|  |TAMS 0x000000008da00000, 0x000000008da00000| Untracked 
| 151|0x000000008db00000, 0x000000008db00000, 0x000000008dc00000|  0%| F|  |TAMS 0x000000008db00000, 0x000000008db00000| Untracked 
| 152|0x000000008dc00000, 0x000000008dc00000, 0x000000008dd00000|  0%| F|  |TAMS 0x000000008dc00000, 0x000000008dc00000| Untracked 
| 153|0x000000008dd00000, 0x000000008dd00000, 0x000000008de00000|  0%| F|  |TAMS 0x000000008dd00000, 0x000000008dd00000| Untracked 
| 154|0x000000008de00000, 0x000000008de00000, 0x000000008df00000|  0%| F|  |TAMS 0x000000008de00000, 0x000000008de00000| Untracked 
| 155|0x000000008df00000, 0x000000008df00000, 0x000000008e000000|  0%| F|  |TAMS 0x000000008df00000, 0x000000008df00000| Untracked 
| 156|0x000000008e000000, 0x000000008e000000, 0x000000008e100000|  0%| F|  |TAMS 0x000000008e000000, 0x000000008e000000| Untracked 
| 157|0x000000008e100000, 0x000000008e100000, 0x000000008e200000|  0%| F|  |TAMS 0x000000008e100000, 0x000000008e100000| Untracked 
| 158|0x000000008e200000, 0x000000008e200000, 0x000000008e300000|  0%| F|  |TAMS 0x000000008e200000, 0x000000008e200000| Untracked 
| 159|0x000000008e300000, 0x000000008e300000, 0x000000008e400000|  0%| F|  |TAMS 0x000000008e300000, 0x000000008e300000| Untracked 
| 160|0x000000008e400000, 0x000000008e400000, 0x000000008e500000|  0%| F|  |TAMS 0x000000008e400000, 0x000000008e400000| Untracked 
| 161|0x000000008e500000, 0x000000008e500000, 0x000000008e600000|  0%| F|  |TAMS 0x000000008e500000, 0x000000008e500000| Untracked 
| 162|0x000000008e600000, 0x000000008e600000, 0x000000008e700000|  0%| F|  |TAMS 0x000000008e600000, 0x000000008e600000| Untracked 
| 163|0x000000008e700000, 0x000000008e700000, 0x000000008e800000|  0%| F|  |TAMS 0x000000008e700000, 0x000000008e700000| Untracked 
| 164|0x000000008e800000, 0x000000008e800000, 0x000000008e900000|  0%| F|  |TAMS 0x000000008e800000, 0x000000008e800000| Untracked 
| 165|0x000000008e900000, 0x000000008e900000, 0x000000008ea00000|  0%| F|  |TAMS 0x000000008e900000, 0x000000008e900000| Untracked 
| 166|0x000000008ea00000, 0x000000008ea00000, 0x000000008eb00000|  0%| F|  |TAMS 0x000000008ea00000, 0x000000008ea00000| Untracked 
| 167|0x000000008eb00000, 0x000000008eb00000, 0x000000008ec00000|  0%| F|  |TAMS 0x000000008eb00000, 0x000000008eb00000| Untracked 
| 168|0x000000008ec00000, 0x000000008ec98160, 0x000000008ed00000| 59%| S|CS|TAMS 0x000000008ec00000, 0x000000008ec00000| Complete 
| 169|0x000000008ed00000, 0x000000008ee00000, 0x000000008ee00000|100%| S|CS|TAMS 0x000000008ed00000, 0x000000008ed00000| Complete 
| 170|0x000000008ee00000, 0x000000008ef00000, 0x000000008ef00000|100%| S|CS|TAMS 0x000000008ee00000, 0x000000008ee00000| Complete 
| 171|0x000000008ef00000, 0x000000008f000000, 0x000000008f000000|100%| S|CS|TAMS 0x000000008ef00000, 0x000000008ef00000| Complete 
| 172|0x000000008f000000, 0x000000008f100000, 0x000000008f100000|100%| S|CS|TAMS 0x000000008f000000, 0x000000008f000000| Complete 
| 173|0x000000008f100000, 0x000000008f100000, 0x000000008f200000|  0%| F|  |TAMS 0x000000008f100000, 0x000000008f100000| Untracked 
| 174|0x000000008f200000, 0x000000008f200000, 0x000000008f300000|  0%| F|  |TAMS 0x000000008f200000, 0x000000008f200000| Untracked 
| 175|0x000000008f300000, 0x000000008f300000, 0x000000008f400000|  0%| F|  |TAMS 0x000000008f300000, 0x000000008f300000| Untracked 
| 176|0x000000008f400000, 0x000000008f400000, 0x000000008f500000|  0%| F|  |TAMS 0x000000008f400000, 0x000000008f400000| Untracked 
| 177|0x000000008f500000, 0x000000008f500000, 0x000000008f600000|  0%| F|  |TAMS 0x000000008f500000, 0x000000008f500000| Untracked 
| 178|0x000000008f600000, 0x000000008f600000, 0x000000008f700000|  0%| F|  |TAMS 0x000000008f600000, 0x000000008f600000| Untracked 
| 179|0x000000008f700000, 0x000000008f700000, 0x000000008f800000|  0%| F|  |TAMS 0x000000008f700000, 0x000000008f700000| Untracked 
| 180|0x000000008f800000, 0x000000008f800000, 0x000000008f900000|  0%| F|  |TAMS 0x000000008f800000, 0x000000008f800000| Untracked 
| 181|0x000000008f900000, 0x000000008f900000, 0x000000008fa00000|  0%| F|  |TAMS 0x000000008f900000, 0x000000008f900000| Untracked 
| 182|0x000000008fa00000, 0x000000008fa00000, 0x000000008fb00000|  0%| F|  |TAMS 0x000000008fa00000, 0x000000008fa00000| Untracked 
| 183|0x000000008fb00000, 0x000000008fb00000, 0x000000008fc00000|  0%| F|  |TAMS 0x000000008fb00000, 0x000000008fb00000| Untracked 
| 184|0x000000008fc00000, 0x000000008fc00000, 0x000000008fd00000|  0%| F|  |TAMS 0x000000008fc00000, 0x000000008fc00000| Untracked 
| 185|0x000000008fd00000, 0x000000008fd00000, 0x000000008fe00000|  0%| F|  |TAMS 0x000000008fd00000, 0x000000008fd00000| Untracked 
| 186|0x000000008fe00000, 0x000000008fe00000, 0x000000008ff00000|  0%| F|  |TAMS 0x000000008fe00000, 0x000000008fe00000| Untracked 
| 187|0x000000008ff00000, 0x000000008ff00000, 0x0000000090000000|  0%| F|  |TAMS 0x000000008ff00000, 0x000000008ff00000| Untracked 
| 188|0x0000000090000000, 0x0000000090000000, 0x0000000090100000|  0%| F|  |TAMS 0x0000000090000000, 0x0000000090000000| Untracked 
| 189|0x0000000090100000, 0x0000000090100000, 0x0000000090200000|  0%| F|  |TAMS 0x0000000090100000, 0x0000000090100000| Untracked 
| 190|0x0000000090200000, 0x0000000090200000, 0x0000000090300000|  0%| F|  |TAMS 0x0000000090200000, 0x0000000090200000| Untracked 
| 191|0x0000000090300000, 0x0000000090300000, 0x0000000090400000|  0%| F|  |TAMS 0x0000000090300000, 0x0000000090300000| Untracked 
| 192|0x0000000090400000, 0x0000000090400000, 0x0000000090500000|  0%| F|  |TAMS 0x0000000090400000, 0x0000000090400000| Untracked 
| 193|0x0000000090500000, 0x0000000090500000, 0x0000000090600000|  0%| F|  |TAMS 0x0000000090500000, 0x0000000090500000| Untracked 
| 194|0x0000000090600000, 0x0000000090600000, 0x0000000090700000|  0%| F|  |TAMS 0x0000000090600000, 0x0000000090600000| Untracked 
| 195|0x0000000090700000, 0x0000000090700000, 0x0000000090800000|  0%| F|  |TAMS 0x0000000090700000, 0x0000000090700000| Untracked 
| 196|0x0000000090800000, 0x0000000090800000, 0x0000000090900000|  0%| F|  |TAMS 0x0000000090800000, 0x0000000090800000| Untracked 
| 197|0x0000000090900000, 0x0000000090900000, 0x0000000090a00000|  0%| F|  |TAMS 0x0000000090900000, 0x0000000090900000| Untracked 
| 198|0x0000000090a00000, 0x0000000090a00000, 0x0000000090b00000|  0%| F|  |TAMS 0x0000000090a00000, 0x0000000090a00000| Untracked 
| 199|0x0000000090b00000, 0x0000000090b00000, 0x0000000090c00000|  0%| F|  |TAMS 0x0000000090b00000, 0x0000000090b00000| Untracked 
| 200|0x0000000090c00000, 0x0000000090c00000, 0x0000000090d00000|  0%| F|  |TAMS 0x0000000090c00000, 0x0000000090c00000| Untracked 
| 201|0x0000000090d00000, 0x0000000090d00000, 0x0000000090e00000|  0%| F|  |TAMS 0x0000000090d00000, 0x0000000090d00000| Untracked 
| 202|0x0000000090e00000, 0x0000000090e80c10, 0x0000000090f00000| 50%| E|  |TAMS 0x0000000090e00000, 0x0000000090e00000| Complete 
| 203|0x0000000090f00000, 0x0000000091000000, 0x0000000091000000|100%| E|CS|TAMS 0x0000000090f00000, 0x0000000090f00000| Complete 

Card table byte_map: [0x0000025e26c90000,0x0000025e27070000] _byte_map_base: 0x0000025e2686e000

Marking Bits (Prev, Next): (CMBitMap*) 0x0000025e13e0deb8, (CMBitMap*) 0x0000025e13e0def0
 Prev Bits: [0x0000025e27450000, 0x0000025e29340000)
 Next Bits: [0x0000025e29340000, 0x0000025e2b230000)

Polling page: 0x0000025e11d00000

Metaspace:

Usage:
  Non-class:     67.70 MB capacity,    67.34 MB (>99%) used,   259.67 KB ( <1%) free+waste,   106.38 KB ( <1%) overhead. 
      Class:      8.27 MB capacity,     8.02 MB ( 97%) used,   222.74 KB (  3%) free+waste,    39.63 KB ( <1%) overhead. 
       Both:     75.97 MB capacity,    75.36 MB (>99%) used,   482.41 KB ( <1%) free+waste,   146.00 KB ( <1%) overhead. 

Virtual space:
  Non-class space:       96.00 MB reserved,      67.75 MB ( 71%) committed 
      Class space:        1.00 GB reserved,       8.38 MB ( <1%) committed 
             Both:        1.09 GB reserved,      76.13 MB (  7%) committed 

Chunk freelists:
   Non-Class:  54.00 KB
       Class:  7.00 KB
        Both:  61.00 KB

MaxMetaspaceSize: 17179869184.00 GB
CompressedClassSpaceSize: 1.00 GB

CodeHeap 'non-profiled nmethods': size=120064Kb used=5501Kb max_used=5501Kb free=114562Kb
 bounds [0x0000025e1f370000, 0x0000025e1f8d0000, 0x0000025e268b0000]
CodeHeap 'profiled nmethods': size=120000Kb used=34110Kb max_used=34110Kb free=85889Kb
 bounds [0x0000025e17e40000, 0x0000025e19f90000, 0x0000025e1f370000]
CodeHeap 'non-nmethods': size=5696Kb used=1278Kb max_used=1307Kb free=4417Kb
 bounds [0x0000025e178b0000, 0x0000025e17b20000, 0x0000025e17e40000]
 total_blobs=12406 nmethods=11756 adapters=558
 compilation: disabled (not enough contiguous free space left)
              stopped_count=1, restarted_count=0
 full_count=1

Compilation events (20 events):
Event: 13.894 Thread 0x0000025e2d747000 11773       3       org.jetbrains.kotlin.backend.jvm.lower.FieldNameCollector::visitCall (13 bytes)
Event: 13.895 Thread 0x0000025e2d747000 nmethod 11773 0x0000025e19f87d10 code [0x0000025e19f88000, 0x0000025e19f88d28]
Event: 13.895 Thread 0x0000025e2d747000 11766       3       org.jetbrains.kotlin.ir.types.IrTypePredicatesKt::classFqNameEquals (56 bytes)
Event: 13.895 Thread 0x0000025e2d747000 nmethod 11766 0x0000025e19f89210 code [0x0000025e19f89420, 0x0000025e19f898a8]
Event: 13.895 Thread 0x0000025e2d747000 11781       3       org.jetbrains.kotlin.backend.jvm.ir.IrInlineReferenceLocator::visitReturn (13 bytes)
Event: 13.896 Thread 0x0000025e2d747000 nmethod 11781 0x0000025e19f89a90 code [0x0000025e19f89ce0, 0x0000025e19f8a608]
Event: 13.896 Thread 0x0000025e2d747000 11782       3       org.jetbrains.kotlin.backend.jvm.ir.IrInlineReferenceLocator::visitReturn (8 bytes)
Event: 13.896 Thread 0x0000025e2d747000 nmethod 11782 0x0000025e19f8a910 code [0x0000025e19f8ab60, 0x0000025e19f8b2a8]
Event: 13.896 Thread 0x0000025e2d747000 11769       3       org.jetbrains.kotlin.backend.jvm.lower.TypeOperatorLowering::visitCall (48 bytes)
Event: 13.897 Thread 0x0000025e2d743800 nmethod 11792 0x0000025e1f8ce990 code [0x0000025e1f8ceb40, 0x0000025e1f8cecd8]
Event: 13.898 Thread 0x0000025e2d743800 11793       4       org.jetbrains.kotlin.ir.declarations.IrField::acceptChildren (26 bytes)
Event: 13.899 Thread 0x0000025e2d747000 nmethod 11769 0x0000025e19f8b590 code [0x0000025e19f8bb20, 0x0000025e19f8e2c8]
Event: 13.899 Thread 0x0000025e2d747000 11770       3       org.jetbrains.kotlin.ir.expressions.impl.IrSetValueImpl::setValue (12 bytes)
Event: 13.899 Thread 0x0000025e2d747000 nmethod 11770 0x0000025e19f8ef90 code [0x0000025e19f8f1c0, 0x0000025e19f8f798]
Event: 13.899 Thread 0x0000025e2d747000 11789       1       org.jetbrains.kotlin.ir.declarations.impl.IrConstructorImpl::getAnnotations (5 bytes)
Event: 13.899 Thread 0x0000025e2d747000 nmethod 11789 0x0000025e1f8cf010 code [0x0000025e1f8cf1c0, 0x0000025e1f8cf278]
Event: 13.899 Thread 0x0000025e2d747000 11794       3       org.jetbrains.kotlin.backend.jvm.lower.InventNamesForLocalClasses$NameInventor::visitDeclarationReference (13 bytes)
Event: 13.900 Thread 0x0000025e2d743800 nmethod 11793 0x0000025e1f8cf310 code [0x0000025e1f8cf4a0, 0x0000025e1f8cf578]
Event: 13.900 Thread 0x0000025e2e21a800 

Event: 13.901 Thread 0x0000025e2d747000 


GC Heap History (20 events):
Event: 2.555 GC heap before
{Heap before GC invocations=3 (full 0):
 garbage-first heap   total 126976K, used 67863K [0x0000000084400000, 0x0000000100000000)
  region size 1024K, 55 young (56320K), 7 survivors (7168K)
 Metaspace       used 29782K, capacity 30239K, committed 30336K, reserved 1075200K
  class space    used 3518K, capacity 3704K, committed 3712K, reserved 1048576K
}
Event: 2.584 GC heap after
{Heap after GC invocations=4 (full 0):
 garbage-first heap   total 126976K, used 24683K [0x0000000084400000, 0x0000000100000000)
  region size 1024K, 7 young (7168K), 7 survivors (7168K)
 Metaspace       used 29782K, capacity 30239K, committed 30336K, reserved 1075200K
  class space    used 3518K, capacity 3704K, committed 3712K, reserved 1048576K
}
Event: 3.318 GC heap before
{Heap before GC invocations=4 (full 0):
 garbage-first heap   total 126976K, used 69739K [0x0000000084400000, 0x0000000100000000)
  region size 1024K, 47 young (48128K), 7 survivors (7168K)
 Metaspace       used 34888K, capacity 35361K, committed 35584K, reserved 1081344K
  class space    used 4074K, capacity 4256K, committed 4352K, reserved 1048576K
}
Event: 3.343 GC heap after
{Heap after GC invocations=5 (full 0):
 garbage-first heap   total 126976K, used 29696K [0x0000000084400000, 0x0000000100000000)
  region size 1024K, 6 young (6144K), 6 survivors (6144K)
 Metaspace       used 34888K, capacity 35361K, committed 35584K, reserved 1081344K
  class space    used 4074K, capacity 4256K, committed 4352K, reserved 1048576K
}
Event: 4.585 GC heap before
{Heap before GC invocations=6 (full 0):
 garbage-first heap   total 126976K, used 83968K [0x0000000084400000, 0x0000000100000000)
  region size 1024K, 57 young (58368K), 6 survivors (6144K)
 Metaspace       used 46009K, capacity 46575K, committed 46592K, reserved 1089536K
  class space    used 5415K, capacity 5621K, committed 5632K, reserved 1048576K
}
Event: 4.613 GC heap after
{Heap after GC invocations=7 (full 0):
 garbage-first heap   total 162816K, used 37376K [0x0000000084400000, 0x0000000100000000)
  region size 1024K, 6 young (6144K), 6 survivors (6144K)
 Metaspace       used 46009K, capacity 46575K, committed 46592K, reserved 1089536K
  class space    used 5415K, capacity 5621K, committed 5632K, reserved 1048576K
}
Event: 5.833 GC heap before
{Heap before GC invocations=8 (full 0):
 garbage-first heap   total 162816K, used 103936K [0x0000000084400000, 0x0000000100000000)
  region size 1024K, 70 young (71680K), 6 survivors (6144K)
 Metaspace       used 51061K, capacity 51663K, committed 51968K, reserved 1095680K
  class space    used 5861K, capacity 6094K, committed 6144K, reserved 1048576K
}
Event: 5.867 GC heap after
{Heap after GC invocations=9 (full 0):
 garbage-first heap   total 162816K, used 44696K [0x0000000084400000, 0x0000000100000000)
  region size 1024K, 8 young (8192K), 8 survivors (8192K)
 Metaspace       used 51061K, capacity 51663K, committed 51968K, reserved 1095680K
  class space    used 5861K, capacity 6094K, committed 6144K, reserved 1048576K
}
Event: 7.922 GC heap before
{Heap before GC invocations=9 (full 0):
 garbage-first heap   total 162816K, used 113304K [0x0000000084400000, 0x0000000100000000)
  region size 1024K, 75 young (76800K), 8 survivors (8192K)
 Metaspace       used 55496K, capacity 56090K, committed 56192K, reserved 1099776K
  class space    used 6232K, capacity 6473K, committed 6528K, reserved 1048576K
}
Event: 7.956 GC heap after
{Heap after GC invocations=10 (full 0):
 garbage-first heap   total 162816K, used 54447K [0x0000000084400000, 0x0000000100000000)
  region size 1024K, 10 young (10240K), 10 survivors (10240K)
 Metaspace       used 55496K, capacity 56090K, committed 56192K, reserved 1099776K
  class space    used 6232K, capacity 6473K, committed 6528K, reserved 1048576K
}
Event: 9.235 GC heap before
{Heap before GC invocations=10 (full 0):
 garbage-first heap   total 162816K, used 117935K [0x0000000084400000, 0x0000000100000000)
  region size 1024K, 71 young (72704K), 10 survivors (10240K)
 Metaspace       used 56899K, capacity 57545K, committed 57856K, reserved 1099776K
  class space    used 6343K, capacity 6593K, committed 6656K, reserved 1048576K
}
Event: 9.262 GC heap after
{Heap after GC invocations=11 (full 0):
 garbage-first heap   total 162816K, used 59904K [0x0000000084400000, 0x0000000100000000)
  region size 1024K, 6 young (6144K), 6 survivors (6144K)
 Metaspace       used 56899K, capacity 57545K, committed 57856K, reserved 1099776K
  class space    used 6343K, capacity 6593K, committed 6656K, reserved 1048576K
}
Event: 10.114 GC heap before
{Heap before GC invocations=11 (full 0):
 garbage-first heap   total 162816K, used 121344K [0x0000000084400000, 0x0000000100000000)
  region size 1024K, 66 young (67584K), 6 survivors (6144K)
 Metaspace       used 58531K, capacity 59177K, committed 59264K, reserved 1101824K
  class space    used 6473K, capacity 6728K, committed 6784K, reserved 1048576K
}
Event: 10.136 GC heap after
{Heap after GC invocations=12 (full 0):
 garbage-first heap   total 208896K, used 67335K [0x0000000084400000, 0x0000000100000000)
  region size 1024K, 7 young (7168K), 7 survivors (7168K)
 Metaspace       used 58531K, capacity 59177K, committed 59264K, reserved 1101824K
  class space    used 6473K, capacity 6728K, committed 6784K, reserved 1048576K
}
Event: 12.979 GC heap before
{Heap before GC invocations=12 (full 0):
 garbage-first heap   total 208896K, used 152327K [0x0000000084400000, 0x0000000100000000)
  region size 1024K, 90 young (92160K), 7 survivors (7168K)
 Metaspace       used 69055K, capacity 69764K, committed 70016K, reserved 1112064K
  class space    used 7450K, capacity 7696K, committed 7808K, reserved 1048576K
}
Event: 13.030 GC heap after
{Heap after GC invocations=13 (full 0):
 garbage-first heap   total 208896K, used 76343K [0x0000000084400000, 0x0000000100000000)
  region size 1024K, 9 young (9216K), 9 survivors (9216K)
 Metaspace       used 69055K, capacity 69764K, committed 70016K, reserved 1112064K
  class space    used 7450K, capacity 7696K, committed 7808K, reserved 1048576K
}
Event: 13.815 GC heap before
{Heap before GC invocations=13 (full 0):
 garbage-first heap   total 208896K, used 117303K [0x0000000084400000, 0x0000000100000000)
  region size 1024K, 50 young (51200K), 9 survivors (9216K)
 Metaspace       used 73871K, capacity 74483K, committed 74496K, reserved 1120256K
  class space    used 7954K, capacity 8181K, committed 8192K, reserved 1048576K
}
Event: 13.851 GC heap after
{Heap after GC invocations=14 (full 0):
 garbage-first heap   total 208896K, used 80165K [0x0000000084400000, 0x0000000100000000)
  region size 1024K, 4 young (4096K), 4 survivors (4096K)
 Metaspace       used 73871K, capacity 74483K, committed 74496K, reserved 1120256K
  class space    used 7954K, capacity 8181K, committed 8192K, reserved 1048576K
}
Event: 14.507 GC heap before
{Heap before GC invocations=15 (full 0):
 garbage-first heap   total 208896K, used 110885K [0x0000000084400000, 0x0000000100000000)
  region size 1024K, 35 young (35840K), 4 survivors (4096K)
 Metaspace       used 76884K, capacity 77507K, committed 77568K, reserved 1136640K
  class space    used 8188K, capacity 8441K, committed 8448K, reserved 1048576K
}
Event: 14.519 GC heap after
{Heap after GC invocations=16 (full 0):
 garbage-first heap   total 208896K, used 81387K [0x0000000084400000, 0x0000000100000000)
  region size 1024K, 5 young (5120K), 5 survivors (5120K)
 Metaspace       used 76884K, capacity 77507K, committed 77568K, reserved 1136640K
  class space    used 8188K, capacity 8441K, committed 8448K, reserved 1048576K
}

Deoptimization events (20 events):
Event: 14.417 Thread 0x0000025e13dcc000 Uncommon trap: trap_request=0xffffffde fr.pc=0x0000025e1f4a9920 relative=0x0000000000000560
Event: 14.417 Thread 0x0000025e13dcc000 Uncommon trap: reason=class_check action=maybe_recompile pc=0x0000025e1f4a9920 method=java.lang.AbstractStringBuilder.append(Ljava/lang/CharSequence;)Ljava/lang/AbstractStringBuilder; @ 10 c2
Event: 14.417 Thread 0x0000025e13dcc000 DEOPT PACKING pc=0x0000025e1f4a9920 sp=0x00000088a59fce40
Event: 14.417 Thread 0x0000025e13dcc000 DEOPT UNPACKING pc=0x0000025e178d78af sp=0x00000088a59fce30 mode 2
Event: 14.424 Thread 0x0000025e13dcc000 Uncommon trap: trap_request=0xffffff4d fr.pc=0x0000025e1f7584a4 relative=0x0000000000000c44
Event: 14.424 Thread 0x0000025e13dcc000 Uncommon trap: reason=unstable_if action=reinterpret pc=0x0000025e1f7584a4 method=org.jetbrains.kotlin.utils.SmartSet.add(Ljava/lang/Object;)Z @ 32 c2
Event: 14.424 Thread 0x0000025e13dcc000 DEOPT PACKING pc=0x0000025e1f7584a4 sp=0x00000088a59fdf00
Event: 14.424 Thread 0x0000025e13dcc000 DEOPT UNPACKING pc=0x0000025e178d78af sp=0x00000088a59fdec0 mode 2
Event: 14.534 Thread 0x0000025e13dcc000 Uncommon trap: trap_request=0xffffff4d fr.pc=0x0000025e1f7f5d0c relative=0x00000000000016ac
Event: 14.534 Thread 0x0000025e13dcc000 Uncommon trap: reason=unstable_if action=reinterpret pc=0x0000025e1f7f5d0c method=org.jetbrains.kotlin.metadata.ProtoBuf$Type.isInitialized()Z @ 7 c2
Event: 14.534 Thread 0x0000025e13dcc000 DEOPT PACKING pc=0x0000025e1f7f5d0c sp=0x00000088a59fda60
Event: 14.534 Thread 0x0000025e13dcc000 DEOPT UNPACKING pc=0x0000025e178d78af sp=0x00000088a59fda10 mode 2
Event: 14.536 Thread 0x0000025e13dcc000 Uncommon trap: trap_request=0xffffff4d fr.pc=0x0000025e1f613d38 relative=0x0000000000001678
Event: 14.536 Thread 0x0000025e13dcc000 Uncommon trap: reason=unstable_if action=reinterpret pc=0x0000025e1f613d38 method=org.jetbrains.kotlin.metadata.ProtoBuf$ValueParameter.isInitialized()Z @ 7 c2
Event: 14.536 Thread 0x0000025e13dcc000 DEOPT PACKING pc=0x0000025e1f613d38 sp=0x00000088a59fdb80
Event: 14.536 Thread 0x0000025e13dcc000 DEOPT UNPACKING pc=0x0000025e178d78af sp=0x00000088a59fdac0 mode 2
Event: 14.543 Thread 0x0000025e13dcc000 Uncommon trap: trap_request=0xffffff4d fr.pc=0x0000025e1f54a9c8 relative=0x0000000000000728
Event: 14.543 Thread 0x0000025e13dcc000 Uncommon trap: reason=unstable_if action=reinterpret pc=0x0000025e1f54a9c8 method=org.jetbrains.kotlin.protobuf.SmallSortedMap.entrySet()Ljava/util/Set; @ 4 c2
Event: 14.543 Thread 0x0000025e13dcc000 DEOPT PACKING pc=0x0000025e1f54a9c8 sp=0x00000088a59fdb40
Event: 14.543 Thread 0x0000025e13dcc000 DEOPT UNPACKING pc=0x0000025e178d78af sp=0x00000088a59fda40 mode 2

Classes redefined (0 events):
No events

Internal exceptions (20 events):
Event: 5.135 Thread 0x0000025e13dcc000 Exception <a 'java/lang/NoSuchMethodError'{0x000000008ce5faa8}: 'java.lang.Object java.lang.invoke.Invokers$Holder.linkToTargetMethod(java.lang.Object, java.lang.Object, java.lang.Object, java.lang.Object, java.lang.Object, java.lang.Object, java.lang.Object, java.lang.Object)'> (0x000000008ce5faa8) thrown at [./src/hotspot/share/interpreter/linkResolver.cpp, line 773]
Event: 5.437 Thread 0x0000025e13dcc000 Exception <a 'java/lang/NoSuchMethodError'{0x000000008b418f00}: 'int java.lang.invoke.DirectMethodHandle$Holder.invokeStaticInit(java.lang.Object, int)'> (0x000000008b418f00) thrown at [./src/hotspot/share/interpreter/linkResolver.cpp, line 773]
Event: 5.632 Thread 0x0000025e13dcc000 Exception <a 'java/lang/NoSuchMethodError'{0x000000008a861428}: 'java.lang.Object java.lang.invoke.DirectMethodHandle$Holder.invokeStaticInit(java.lang.Object, java.lang.Object, java.lang.Object)'> (0x000000008a861428) thrown at [./src/hotspot/share/interpreter/linkResolver.cpp, line 773]
Event: 6.560 Thread 0x0000025e13dcc000 Exception <a 'java/lang/NoSuchMethodError'{0x000000008cb19e68}: 'java.lang.Object java.lang.invoke.Invokers$Holder.linkToTargetMethod(java.lang.Object, java.lang.Object, java.lang.Object, java.lang.Object, java.lang.Object, java.lang.Object)'> (0x000000008cb19e68) thrown at [./src/hotspot/share/interpreter/linkResolver.cpp, line 773]
Event: 7.522 Thread 0x0000025e13dcc000 Implicit null exception at 0x0000025e1f3cd9de to 0x0000025e1f3ce14a
Event: 7.522 Thread 0x0000025e13dcc000 Implicit null exception at 0x0000025e1f3b1faf to 0x0000025e1f3b201d
Event: 7.836 Thread 0x0000025e13dcc000 Implicit null exception at 0x0000025e1f38b7f4 to 0x0000025e1f38bd08
Event: 7.856 Thread 0x0000025e13dcc000 Exception <a 'java/lang/NoSuchMethodError'{0x00000000899d6fb8}: 'java.lang.Object java.lang.invoke.DirectMethodHandle$Holder.invokeInterface(java.lang.Object, java.lang.Object, java.lang.Object)'> (0x00000000899d6fb8) thrown at [./src/hotspot/share/interpreter/linkResolver.cpp, line 773]
Event: 7.856 Thread 0x0000025e13dcc000 Exception <a 'java/lang/IncompatibleClassChangeError'{0x00000000899da490}: Found class java.lang.Object, but interface was expected> (0x00000000899da490) thrown at [./src/hotspot/share/interpreter/linkResolver.cpp, line 839]
Event: 7.985 Thread 0x0000025e13dcc000 Exception <a 'java/lang/NoSuchMethodError'{0x000000008e2611f8}: 'java.lang.Object java.lang.invoke.Invokers$Holder.linkToTargetMethod(java.lang.Object, java.lang.Object, java.lang.Object, java.lang.Object, java.lang.Object, java.lang.Object, java.lang.Object)'> (0x000000008e2611f8) thrown at [./src/hotspot/share/interpreter/linkResolver.cpp, line 773]
Event: 8.053 Thread 0x0000025e13dcc000 Exception <a 'java/lang/NoSuchMethodError'{0x000000008e177520}: 'java.lang.Object java.lang.invoke.DirectMethodHandle$Holder.invokeStatic(java.lang.Object, int, java.lang.Object, java.lang.Object)'> (0x000000008e177520) thrown at [./src/hotspot/share/interpreter/linkResolver.cpp, line 773]
Event: 8.056 Thread 0x0000025e13dcc000 Exception <a 'java/lang/NoSuchMethodError'{0x000000008e1821b0}: 'int java.lang.invoke.DirectMethodHandle$Holder.invokeInterface(java.lang.Object, java.lang.Object)'> (0x000000008e1821b0) thrown at [./src/hotspot/share/interpreter/linkResolver.cpp, line 773]
Event: 8.182 Thread 0x0000025e13dcc000 Implicit null exception at 0x0000025e1f646ecc to 0x0000025e1f646f89
Event: 8.457 Thread 0x0000025e13dcc000 Exception <a 'java/lang/NoSuchMethodError'{0x000000008d6d59d8}: 'java.lang.Object java.lang.invoke.Invokers$Holder.linkToTargetMethod(java.lang.Object, java.lang.Object, java.lang.Object, int, int, java.lang.Object)'> (0x000000008d6d59d8) thrown at [./src/hotspot/share/interpreter/linkResolver.cpp, line 773]
Event: 9.926 Thread 0x0000025e13dcc000 Implicit null exception at 0x0000025e1f3caef5 to 0x0000025e1f3cb0bc
Event: 10.484 Thread 0x0000025e13dcc000 Implicit null exception at 0x0000025e1f4c30d2 to 0x0000025e1f4c3397
Event: 11.070 Thread 0x0000025e13dcc000 Implicit null exception at 0x0000025e1f3d53f4 to 0x0000025e1f3d560c
Event: 12.221 Thread 0x0000025e13dcc000 Implicit null exception at 0x0000025e1f7f116f to 0x0000025e1f7f1530
Event: 13.228 Thread 0x0000025e13dcc000 Implicit null exception at 0x0000025e1f87e0f2 to 0x0000025e1f87e19d
Event: 13.719 Thread 0x0000025e13dcc000 Implicit null exception at 0x0000025e1f89bf56 to 0x0000025e1f89c17a

Events (20 events):
Event: 14.546 loading class org/jetbrains/kotlin/backend/jvm/codegen/SwitchGenerator done
Event: 14.548 loading class org/jetbrains/kotlin/backend/jvm/codegen/SwitchGenerator$ExpressionToLabel
Event: 14.548 loading class org/jetbrains/kotlin/backend/jvm/codegen/SwitchGenerator$ExpressionToLabel done
Event: 14.549 loading class org/jetbrains/kotlin/backend/jvm/codegen/SwitchGenerator$CallToLabel
Event: 14.549 loading class org/jetbrains/kotlin/backend/jvm/codegen/SwitchGenerator$CallToLabel done
Event: 14.549 loading class org/jetbrains/kotlin/backend/jvm/intrinsics/Not$BooleanNegation
Event: 14.549 loading class org/jetbrains/kotlin/backend/jvm/intrinsics/Not$BooleanNegation done
Event: 14.549 loading class org/jetbrains/kotlin/backend/jvm/codegen/BooleanValue
Event: 14.549 loading class org/jetbrains/kotlin/backend/jvm/codegen/BooleanValue done
Event: 14.550 loading class org/jetbrains/kotlin/backend/jvm/codegen/PromisedValueKt$coerceToBoolean$1
Event: 14.550 loading class org/jetbrains/kotlin/backend/jvm/codegen/PromisedValueKt$coerceToBoolean$1 done
Event: 14.550 loading class java/util/Vector$Itr
Event: 14.550 loading class java/util/Vector$Itr done
Event: 14.551 loading class org/jetbrains/kotlin/backend/jvm/codegen/VariableInfo
Event: 14.551 loading class org/jetbrains/kotlin/backend/jvm/codegen/VariableInfo done
Event: 14.551 loading class org/jetbrains/kotlin/backend/jvm/codegen/SwitchGenerator$areConstIntComparisons$1
Event: 14.551 loading class org/jetbrains/kotlin/backend/jvm/codegen/SwitchGenerator$areConstIntComparisons$1 done
Event: 14.552 loading class org/jetbrains/kotlin/backend/jvm/codegen/SwitchGenerator$areConstIntComparisons$2
Event: 14.552 loading class org/jetbrains/kotlin/backend/jvm/codegen/SwitchGenerator$areConstIntComparisons$2 done
Event: 14.552 Executing VM operation: CollectForMetadataAllocation


Dynamic libraries:
0x00007ff7200c0000 - 0x00007ff7200ca000 	C:\Program Files\Android\Android Studio\jre\bin\java.exe
0x00007ffee37e0000 - 0x00007ffee39d0000 	C:\WINDOWS\SYSTEM32\ntdll.dll
0x00007ffee2560000 - 0x00007ffee2612000 	C:\WINDOWS\System32\KERNEL32.DLL
0x00007ffee0e50000 - 0x00007ffee10f5000 	C:\WINDOWS\System32\KERNELBASE.dll
0x00007ffee0b90000 - 0x00007ffee0c8a000 	C:\WINDOWS\System32\ucrtbase.dll
0x00007ffed88d0000 - 0x00007ffed88e7000 	C:\Program Files\Android\Android Studio\jre\bin\VCRUNTIME140.dll
0x00007ffed88b0000 - 0x00007ffed88c9000 	C:\Program Files\Android\Android Studio\jre\bin\jli.dll
0x00007ffee20f0000 - 0x00007ffee2284000 	C:\WINDOWS\System32\USER32.dll
0x00007ffee0800000 - 0x00007ffee0821000 	C:\WINDOWS\System32\win32u.dll
0x00007ffee2d10000 - 0x00007ffee2d36000 	C:\WINDOWS\System32\GDI32.dll
0x00007ffee0cb0000 - 0x00007ffee0e46000 	C:\WINDOWS\System32\gdi32full.dll
0x00007ffee09a0000 - 0x00007ffee0a3e000 	C:\WINDOWS\System32\msvcp_win.dll
0x00007ffec1a90000 - 0x00007ffec1d14000 	C:\WINDOWS\WinSxS\amd64_microsoft.windows.common-controls_6595b64144ccf1df_6.0.18362.1256_none_9e7e379be45e40e2\COMCTL32.dll
0x00007ffee1db0000 - 0x00007ffee1e4e000 	C:\WINDOWS\System32\msvcrt.dll
0x00007ffee3120000 - 0x00007ffee3456000 	C:\WINDOWS\System32\combase.dll
0x00007ffee2f90000 - 0x00007ffee30b0000 	C:\WINDOWS\System32\RPCRT4.dll
0x00007ffee0910000 - 0x00007ffee0991000 	C:\WINDOWS\System32\bcryptPrimitives.dll
0x00007ffee36f0000 - 0x00007ffee371e000 	C:\WINDOWS\System32\IMM32.DLL
0x00007ffecd420000 - 0x00007ffecd4bd000 	C:\Program Files\Android\Android Studio\jre\bin\msvcp140.dll
0x00007ffecc100000 - 0x00007ffeccbcf000 	C:\Program Files\Android\Android Studio\jre\bin\server\jvm.dll
0x00007ffee3640000 - 0x00007ffee36e3000 	C:\WINDOWS\System32\ADVAPI32.dll
0x00007ffee2290000 - 0x00007ffee2327000 	C:\WINDOWS\System32\sechost.dll
0x00007ffee2f00000 - 0x00007ffee2f08000 	C:\WINDOWS\System32\PSAPI.DLL
0x00007ffed61b0000 - 0x00007ffed61ba000 	C:\WINDOWS\SYSTEM32\VERSION.dll
0x00007ffec0c00000 - 0x00007ffec0c09000 	C:\WINDOWS\SYSTEM32\WSOCK32.dll
0x00007ffedb440000 - 0x00007ffedb464000 	C:\WINDOWS\SYSTEM32\WINMM.dll
0x00007ffee24f0000 - 0x00007ffee255f000 	C:\WINDOWS\System32\ws2_32.DLL
0x00007ffedb410000 - 0x00007ffedb43d000 	C:\WINDOWS\SYSTEM32\winmmbase.dll
0x00007ffee0750000 - 0x00007ffee079a000 	C:\WINDOWS\System32\cfgmgr32.dll
0x00007ffee06e0000 - 0x00007ffee06f1000 	C:\WINDOWS\System32\kernel.appcore.dll
0x00007ffecd850000 - 0x00007ffecd861000 	C:\Program Files\Android\Android Studio\jre\bin\verify.dll
0x00007ffed5ed0000 - 0x00007ffed60c4000 	C:\WINDOWS\SYSTEM32\DBGHELP.DLL
0x00007ffed5d10000 - 0x00007ffed5d3a000 	C:\WINDOWS\SYSTEM32\dbgcore.DLL
0x00007ffecd820000 - 0x00007ffecd849000 	C:\Program Files\Android\Android Studio\jre\bin\java.dll
0x00007ffecd410000 - 0x00007ffecd41b000 	C:\Program Files\Android\Android Studio\jre\bin\jimage.dll
0x00007ffecd3f0000 - 0x00007ffecd408000 	C:\Program Files\Android\Android Studio\jre\bin\zip.dll
0x00007ffee2620000 - 0x00007ffee2d07000 	C:\WINDOWS\System32\SHELL32.dll
0x00007ffee1890000 - 0x00007ffee1939000 	C:\WINDOWS\System32\shcore.dll
0x00007ffee1100000 - 0x00007ffee1881000 	C:\WINDOWS\System32\windows.storage.dll
0x00007ffee06b0000 - 0x00007ffee06d3000 	C:\WINDOWS\System32\profapi.dll
0x00007ffee0700000 - 0x00007ffee074a000 	C:\WINDOWS\System32\powrprof.dll
0x00007ffee0680000 - 0x00007ffee0690000 	C:\WINDOWS\System32\UMPDC.dll
0x00007ffee3720000 - 0x00007ffee3772000 	C:\WINDOWS\System32\shlwapi.dll
0x00007ffee0c90000 - 0x00007ffee0ca7000 	C:\WINDOWS\System32\cryptsp.dll
0x00007ffecd2e0000 - 0x00007ffecd2fa000 	C:\Program Files\Android\Android Studio\jre\bin\net.dll
0x00007ffed8b10000 - 0x00007ffed8c00000 	C:\WINDOWS\SYSTEM32\WINHTTP.dll
0x00007ffedfed0000 - 0x00007ffedff37000 	C:\WINDOWS\system32\mswsock.dll
0x00007ffecd2c0000 - 0x00007ffecd2d4000 	C:\Program Files\Android\Android Studio\jre\bin\nio.dll

dbghelp: loaded successfully - version: 4.0.5 - missing functions: none
symbol engine: initialized successfully - sym options: 0x614 - pdb path: .;C:\Program Files\Android\Android Studio\jre\bin;C:\WINDOWS\SYSTEM32;C:\WINDOWS\WinSxS\amd64_microsoft.windows.common-controls_6595b64144ccf1df_6.0.18362.1256_none_9e7e379be45e40e2;C:\Program Files\Android\Android Studio\jre\bin\server

VM Arguments:
java_command: org.jetbrains.kotlin.cli.jvm.K2JVMCompiler @C:\Users\Nizam.Gahramanov\Downloads\android-fundamentals-starter-apps-v2-master\android-fundamentals-starter-apps-v2-master\ZeytunPharma\app\build\20211009_5240701292487981328.compiler.options
java_class_path (initial): C:\Users\Nizam.Gahramanov\.gradle\caches\modules-2\files-2.1\org.jetbrains.kotlin\kotlin-compiler-embeddable\1.5.21\40ddbcae9ff100473f95370c2d589ba3fc48eed5\kotlin-compiler-embeddable-1.5.21.jar;C:\Users\Nizam.Gahramanov\.gradle\caches\modules-2\files-2.1\org.jetbrains.kotlin\kotlin-reflect\1.5.21\802f1f39735ae1eb2b75714a40fa19bb2e687e96\kotlin-reflect-1.5.21.jar;C:\Users\Nizam.Gahramanov\.gradle\caches\modules-2\files-2.1\org.jetbrains.kotlin\kotlin-stdlib\1.5.21\2f537cad7e9eeb9da73738c8812e1e4cf9b62e4e\kotlin-stdlib-1.5.21.jar;C:\Users\Nizam.Gahramanov\.gradle\caches\modules-2\files-2.1\org.jetbrains.kotlin\kotlin-script-runtime\1.5.21\96d49e89873fde985750af354b6eabb60cfa999b\kotlin-script-runtime-1.5.21.jar;C:\Users\Nizam.Gahramanov\.gradle\caches\modules-2\files-2.1\org.jetbrains.kotlin\kotlin-daemon-embeddable\1.5.21\17255809e66a940dfdf6289bccbdfb5a09f3145\kotlin-daemon-embeddable-1.5.21.jar;C:\Users\Nizam.Gahramanov\.gradle\caches\modules-2\files-2.1\org.jetbrains.intellij.deps\trove4j\1.0.20181211\216c2e14b070f334479d800987affe4054cd563f\trove4j-1.0.20181211.jar;C:\Users\Nizam.Gahramanov\.gradle\caches\modules-2\files-2.1\org.jetbrains\annotations\13.0\919f0dfe192fb4e063e7dacadee7f8bb9a2672a9\annotations-13.0.jar;C:\Users\Nizam.Gahramanov\.gradle\caches\modules-2\files-2.1\org.jetbrains.kotlin\kotlin-stdlib-common\1.5.21\cc8bf3586fd2ebcf234058b9440bb406e62dfacb\kotlin-stdlib-common-1.5.21.jar
Launcher Type: SUN_STANDARD

[Global flags]
     intx CICompilerCount                          = 3                                         {product} {ergonomic}
     uint ConcGCThreads                            = 1                                         {product} {ergonomic}
     uint G1ConcRefinementThreads                  = 4                                         {product} {ergonomic}
   size_t G1HeapRegionSize                         = 1048576                                   {product} {ergonomic}
    uintx GCDrainStackTargetSize                   = 64                                        {product} {ergonomic}
   size_t InitialHeapSize                          = 130023424                                 {product} {ergonomic}
   size_t MarkStackSize                            = 4194304                                   {product} {ergonomic}
   size_t MaxHeapSize                              = 2076180480                                {product} {ergonomic}
   size_t MaxNewSize                               = 1245708288                                {product} {ergonomic}
   size_t MinHeapDeltaBytes                        = 1048576                                   {product} {ergonomic}
    uintx NonNMethodCodeHeapSize                   = 5830732                                {pd product} {ergonomic}
    uintx NonProfiledCodeHeapSize                  = 122913754                              {pd product} {ergonomic}
    uintx ProfiledCodeHeapSize                     = 122913754                              {pd product} {ergonomic}
    uintx ReservedCodeCacheSize                    = 251658240                              {pd product} {ergonomic}
     bool SegmentedCodeCache                       = true                                      {product} {ergonomic}
     bool UseCompressedClassPointers               = true                                 {lp64_product} {ergonomic}
     bool UseCompressedOops                        = true                                 {lp64_product} {ergonomic}
     bool UseG1GC                                  = true                                      {product} {ergonomic}
     bool UseLargePagesIndividualAllocation        = false                                  {pd product} {ergonomic}

Logging:
Log output configuration:
 #0: stdout all=warning uptime,level,tags
 #1: stderr all=off uptime,level,tags

Environment Variables:
JAVA_HOME=C:\Program Files\Java\jdk-11.0.2
PATH=C:\ProgramData\Oracle\Java\javapath;C:\WINDOWS\system32;C:\WINDOWS;C:\WINDOWS\System32\Wbem;C:\WINDOWS\System32\WindowsPowerShell\v1.0\;C:\Program Files\7-Zip;C:\Program Files (x86)\Skype\Phone\;C:\WINDOWS\System32\OpenSSH\;C:\Program Files\dotnet\;C:\Program Files\Microsoft SQL Server\130\Tools\Binn\;C:\Program Files\Microsoft SQL Server\Client SDK\ODBC\170\Tools\Binn\;C:\Program Files\PuTTY\;C:\Users\Nizam.Gahramanov\AppData\Local\Programs\Python\Python38-32;C:\Users\Nizam.Gahramanov\AppData\Local\Programs\Python\Python38-32\Scripts;C:\Program Files\Git\cmd;C:\Program Files\nodejs\;C:\Users\Nizam.Gahramanov\AppData\Local\Microsoft\WindowsApps;C:\Users\Nizam.Gahramanov\AppData\Local\atom\bin;C:\Users\Nizam.Gahramanov\AppData\Local\Programs\Microsoft VS Code\bin;C:\Program Files\JetBrains\PyCharm Community Edition 2019.3.4\bin;;C:\Users\Nizam.Gahramanov\Documents\flutter\sdks\flutter_windows_2.2.3-stable\flutter\bin;C:\Users\Nizam.Gahramanov\AppData\Roaming\npm;C:\Program Files\nodejs\;
USERNAME=Nizam.Gahramanov
OS=Windows_NT
PROCESSOR_IDENTIFIER=Intel64 Family 6 Model 60 Stepping 3, GenuineIntel



---------------  S Y S T E M  ---------------

OS: Windows 10 , 64 bit Build 18362 (10.0.18362.1110)
OS uptime: 0 days 2:22 hours

CPU:total 4 (initial active 4) (2 cores per cpu, 2 threads per core) family 6 model 60 stepping 3 microcode 0x25, cmov, cx8, fxsr, mmx, sse, sse2, sse3, ssse3, sse4.1, sse4.2, popcnt, avx, avx2, aes, clmul, erms, lzcnt, ht, tsc, tscinvbit, bmi1, bmi2, fma

Memory: 4k page, system-wide physical 7912M (476M free)
TotalPageFile size 14438M (AvailPageFile size 0M)
current process WorkingSet (physical memory assigned to process): 408M, peak: 408M
current process commit charge ("private bytes"): 440M, peak: 441M

vm_info: OpenJDK 64-Bit Server VM (11.0.10+0-b96-7249189) for windows-amd64 JRE (11.0.10+0-b96-7249189), built on Mar 31 2021 21:44:00 by "builder" with MS VC++ 14.0 (VS2015)

END.
